Fri Apr  8 01:36:25 UTC 2022: 
 tests:  0|6
total_score: 0/70
ffb95e0
Fri Apr  8 15:22:34 UTC 2022: 
 hashmap.c | 10 +++++++++-
 1 file changed, 9 insertions(+), 1 deletion(-)
In file included from test.c:4:0:
hashmap.c: In function ‘createMap’:
hashmap.c:60:7: error: ‘i’ undeclared (first use in this function)
   for(i=0 ; i<capacity ; i++)
       ^
hashmap.c:60:7: note: each undeclared identifier is reported only once for each function it appears in
hashmap.c:61:8: error: ‘buckets’ undeclared (first use in this function)
   mapa-buckets[i] = NULL;
        ^~~~~~~
hashmap.c:65:3: error: control reaches end of non-void function [-Werror=return-type]
   }
   ^
cc1: all warnings being treated as errors
Compilation failed
acb8e05
Fri Apr  8 15:22:41 UTC 2022: 
 hashmap.c | 2 +-
 1 file changed, 1 insertion(+), 1 deletion(-)
In file included from test.c:4:0:
hashmap.c: In function ‘createMap’:
hashmap.c:60:7: error: ‘i’ undeclared (first use in this function)
   for(i=0 ; i<capacity ; i++)
       ^
hashmap.c:60:7: note: each undeclared identifier is reported only once for each function it appears in
hashmap.c:65:3: error: control reaches end of non-void function [-Werror=return-type]
   }
   ^
cc1: all warnings being treated as errors
Compilation failed
79b41ee
Fri Apr  8 15:24:30 UTC 2022: 
 hashmap.c | 4 ++--
 1 file changed, 2 insertions(+), 2 deletions(-)
In file included from test.c:4:0:
hashmap.c: In function ‘createMap’:
hashmap.c:60:7: error: ‘i’ undeclared (first use in this function)
   for(i=0 ; i<capacity ; i++)
       ^
hashmap.c:60:7: note: each undeclared identifier is reported only once for each function it appears in
hashmap.c:64:10: error: expected expression before ‘HashMap’
   return HashMap;
          ^~~~~~~
hashmap.c:65:3: error: control reaches end of non-void function [-Werror=return-type]
   }
   ^
cc1: all warnings being treated as errors
Compilation failed
fa95067
Fri Apr  8 15:25:11 UTC 2022: 
 hashmap.c | 1 +
 1 file changed, 1 insertion(+)
In file included from test.c:4:0:
hashmap.c: In function ‘createMap’:
hashmap.c:57:3: error: ‘i’ undeclared (first use in this function)
   i = 0;
   ^
hashmap.c:57:3: note: each undeclared identifier is reported only once for each function it appears in
hashmap.c:65:10: error: expected expression before ‘HashMap’
   return HashMap;
          ^~~~~~~
hashmap.c:66:3: error: control reaches end of non-void function [-Werror=return-type]
   }
   ^
cc1: all warnings being treated as errors
Compilation failed
fff7d38
Fri Apr  8 15:25:23 UTC 2022: 
 hashmap.c | 2 +-
 1 file changed, 1 insertion(+), 1 deletion(-)
In file included from test.c:4:0:
hashmap.c: In function ‘createMap’:
hashmap.c:65:10: error: expected expression before ‘HashMap’
   return HashMap;
          ^~~~~~~
hashmap.c:66:3: error: control reaches end of non-void function [-Werror=return-type]
   }
   ^
cc1: all warnings being treated as errors
Compilation failed
edf76ff
Fri Apr  8 15:26:00 UTC 2022: 
 hashmap.c | 2 +-
 1 file changed, 1 insertion(+), 1 deletion(-)
 tests:  1|5
total_score: 10/70
c20e20f
Fri Apr  8 15:35:47 UTC 2022: 
 hashmap.c | 2 ++
 1 file changed, 2 insertions(+)
In file included from test.c:4:0:
hashmap.c: In function ‘insertMap’:
hashmap.c:45:10: error: too few arguments to function ‘hash’
 indice = hash(key)
          ^~~~
hashmap.c:26:6: note: declared here
 long hash( char * key, long capacity) {
      ^~~~
hashmap.c:47:1: error: expected ‘;’ before ‘}’ token
 }
 ^
hashmap.c:44:5: error: variable ‘indice’ set but not used [-Werror=unused-but-set-variable]
 int indice;
     ^~~~~~
cc1: all warnings being treated as errors
Compilation failed
324d568
Fri Apr  8 15:35:59 UTC 2022: 
 hashmap.c | 2 +-
 1 file changed, 1 insertion(+), 1 deletion(-)
In file included from test.c:4:0:
hashmap.c: In function ‘insertMap’:
hashmap.c:45:10: error: too few arguments to function ‘hash’
 indice = hash(key);
          ^~~~
hashmap.c:26:6: note: declared here
 long hash( char * key, long capacity) {
      ^~~~
hashmap.c:44:5: error: variable ‘indice’ set but not used [-Werror=unused-but-set-variable]
 int indice;
     ^~~~~~
cc1: all warnings being treated as errors
Compilation failed
6149a35
Fri Apr  8 15:52:36 UTC 2022: 
 hashmap.c | 19 +++++++++++++++++--
 1 file changed, 17 insertions(+), 2 deletions(-)
In file included from test.c:4:0:
hashmap.c: In function ‘insertMap’:
hashmap.c:46:7: error: too few arguments to function ‘hash’
 pos = hash(key);
       ^~~~
hashmap.c:26:6: note: declared here
 long hash( char * key, long capacity) {
      ^~~~
hashmap.c:47:5: error: ‘mapa’ undeclared (first use in this function); did you mean ‘map’?
 if(!mapa->buckets[pos]){
     ^~~~
     map
hashmap.c:47:5: note: each undeclared identifier is reported only once for each function it appears in
hashmap.c:56:1: error: this ‘else’ clause does not guard... [-Werror=misleading-indentation]
 else
 ^~~~
hashmap.c:58:3: note: ...this statement, but the latter is misleadingly indented as if it were guarded by the ‘else’
   mapa->buckets[pos] = value;
   ^~~~
hashmap.c:62:1: error: expected ‘;’ before ‘}’ token
 }
 ^
cc1: all warnings being treated as errors
Compilation failed
405e402
Fri Apr  8 15:55:26 UTC 2022: 
 hashmap.c | 7 ++++---
 1 file changed, 4 insertions(+), 3 deletions(-)
In file included from test.c:4:0:
hashmap.c: In function ‘insertMap’:
hashmap.c:46:7: error: too few arguments to function ‘hash’
 pos = hash(key);
       ^~~~
hashmap.c:26:6: note: declared here
 long hash( char * key, long capacity) {
      ^~~~
hashmap.c:47:5: error: ‘mapa’ undeclared (first use in this function); did you mean ‘map’?
 if(!mapa->buckets[pos]){
     ^~~~
     map
hashmap.c:47:5: note: each undeclared identifier is reported only once for each function it appears in
hashmap.c:52:37: error: ‘capacity’ undeclared (first use in this function)
       mapa->buckets = malloc(sizeof(capacity)* 2);
                                     ^~~~~~~~
hashmap.c:57:1: error: this ‘else’ clause does not guard... [-Werror=misleading-indentation]
 else
 ^~~~
hashmap.c:59:3: note: ...this statement, but the latter is misleadingly indented as if it were guarded by the ‘else’
   mapa->buckets[pos] = value;
   ^~~~
hashmap.c:45:5: error: variable ‘aux’ set but not used [-Werror=unused-but-set-variable]
 int aux;
     ^~~
cc1: all warnings being treated as errors
Compilation failed
bbb43e5
Fri Apr  8 15:55:54 UTC 2022: 
 hashmap.c | 2 +-
 1 file changed, 1 insertion(+), 1 deletion(-)
In file included from test.c:4:0:
hashmap.c: In function ‘insertMap’:
hashmap.c:46:7: error: too few arguments to function ‘hash’
 pos = hash(key);
       ^~~~
hashmap.c:26:6: note: declared here
 long hash( char * key, long capacity) {
      ^~~~
hashmap.c:47:5: error: ‘mapa’ undeclared (first use in this function); did you mean ‘map’?
 if(!mapa->buckets[pos]){
     ^~~~
     map
hashmap.c:47:5: note: each undeclared identifier is reported only once for each function it appears in
hashmap.c:57:1: error: this ‘else’ clause does not guard... [-Werror=misleading-indentation]
 else
 ^~~~
hashmap.c:59:3: note: ...this statement, but the latter is misleadingly indented as if it were guarded by the ‘else’
   mapa->buckets[pos] = value;
   ^~~~
hashmap.c:45:5: error: variable ‘aux’ set but not used [-Werror=unused-but-set-variable]
 int aux;
     ^~~
cc1: all warnings being treated as errors
Compilation failed
b461c66
Fri Apr  8 15:57:55 UTC 2022: 
 hashmap.c | 1 -
 1 file changed, 1 deletion(-)
In file included from test.c:4:0:
hashmap.c: In function ‘insertMap’:
hashmap.c:45:7: error: too few arguments to function ‘hash’
 pos = hash(key);
       ^~~~
hashmap.c:26:6: note: declared here
 long hash( char * key, long capacity) {
      ^~~~
hashmap.c:46:5: error: ‘mapa’ undeclared (first use in this function); did you mean ‘map’?
 if(!mapa->buckets[pos]){
     ^~~~
     map
hashmap.c:46:5: note: each undeclared identifier is reported only once for each function it appears in
hashmap.c:48:5: error: ‘aux’ undeclared (first use in this function)
     aux = pos;
     ^~~
hashmap.c:55:1: error: this ‘else’ clause does not guard... [-Werror=misleading-indentation]
 else
 ^~~~
hashmap.c:57:3: note: ...this statement, but the latter is misleadingly indented as if it were guarded by the ‘else’
   mapa->buckets[pos] = value;
   ^~~~
cc1: all warnings being treated as errors
Compilation failed
d85b4da
Fri Apr  8 15:58:16 UTC 2022: 
 hashmap.c | 4 ++--
 1 file changed, 2 insertions(+), 2 deletions(-)
In file included from test.c:4:0:
hashmap.c: In function ‘insertMap’:
hashmap.c:45:7: error: too few arguments to function ‘hash’
 pos = hash(key);
       ^~~~
hashmap.c:26:6: note: declared here
 long hash( char * key, long capacity) {
      ^~~~
hashmap.c:46:5: error: ‘mapa’ undeclared (first use in this function); did you mean ‘map’?
 if(!mapa->buckets[pos]){
     ^~~~
     map
hashmap.c:46:5: note: each undeclared identifier is reported only once for each function it appears in
hashmap.c:48:5: error: ‘aux’ undeclared (first use in this function)
     aux = pos;
     ^~~
Compilation failed
7b436c4
Fri Apr  8 16:05:15 UTC 2022: 
 hashmap.c | 17 +++++++++--------
 1 file changed, 9 insertions(+), 8 deletions(-)
In file included from test.c:4:0:
hashmap.c: In function ‘insertMap’:
hashmap.c:46:9: error: too few arguments to function ‘hash’
   pos = hash(key);
         ^~~~
hashmap.c:26:6: note: declared here
 long hash( char * key, long capacity) {
      ^~~~
hashmap.c:47:9: error: ‘mapa’ undeclared (first use in this function); did you mean ‘map’?
   while(mapa->buckets[pos] || ){
         ^~~~
         map
hashmap.c:47:9: note: each undeclared identifier is reported only once for each function it appears in
hashmap.c:47:31: error: expected expression before ‘)’ token
   while(mapa->buckets[pos] || ){
                               ^
hashmap.c:52:8: error: ‘HashMap {aka struct HashMap}’ has no member named ‘bucket’; did you mean ‘buckets’?
   map->bucket[pos] = createpair (key,value);
        ^~~~~~
        buckets
hashmap.c:52:22: error: implicit declaration of function ‘createpair’; did you mean ‘createPair’? [-Werror=implicit-function-declaration]
   map->bucket[pos] = createpair (key,value);
                      ^~~~~~~~~~
                      createPair
hashmap.c: At top level:
hashmap.c:55:7: error: expected ‘=’, ‘,’, ‘;’, ‘asm’ or ‘__attribute__’ before ‘->’ token
   mapa->buckets[pos] = key;
       ^~
hashmap.c:56:7: error: expected ‘=’, ‘,’, ‘;’, ‘asm’ or ‘__attribute__’ before ‘->’ token
   mapa->buckets[pos] = value;
       ^~
hashmap.c:57:7: error: expected ‘=’, ‘,’, ‘;’, ‘asm’ or ‘__attribute__’ before ‘->’ token
   mapa->size++;
       ^~
hashmap.c:58:7: error: expected ‘=’, ‘,’, ‘;’, ‘asm’ or ‘__attribute__’ before ‘->’ token
   mapa->current = mapa->buckets[pos];
       ^~
hashmap.c:60:3: error: expected identifier or ‘(’ before ‘if’
   if((70*mapa->capacity)/100)
   ^~
hashmap.c:62:1: error: expected identifier or ‘(’ before ‘}’ token
 }
 ^
cc1: all warnings being treated as errors
Compilation failed
a8dee02
Fri Apr  8 16:05:35 UTC 2022: 
 hashmap.c | 10 +++++-----
 1 file changed, 5 insertions(+), 5 deletions(-)
In file included from test.c:4:0:
hashmap.c: In function ‘insertMap’:
hashmap.c:46:9: error: too few arguments to function ‘hash’
   pos = hash(key);
         ^~~~
hashmap.c:26:6: note: declared here
 long hash( char * key, long capacity) {
      ^~~~
hashmap.c:47:30: error: expected expression before ‘)’ token
   while(map->buckets[pos] || ){
                              ^
hashmap.c:52:8: error: ‘HashMap {aka struct HashMap}’ has no member named ‘bucket’; did you mean ‘buckets’?
   map->bucket[pos] = createpair (key,value);
        ^~~~~~
        buckets
hashmap.c:52:22: error: implicit declaration of function ‘createpair’; did you mean ‘createPair’? [-Werror=implicit-function-declaration]
   map->bucket[pos] = createpair (key,value);
                      ^~~~~~~~~~
                      createPair
hashmap.c: At top level:
hashmap.c:55:6: error: expected ‘=’, ‘,’, ‘;’, ‘asm’ or ‘__attribute__’ before ‘->’ token
   map->buckets[pos] = key;
      ^~
hashmap.c:56:6: error: expected ‘=’, ‘,’, ‘;’, ‘asm’ or ‘__attribute__’ before ‘->’ token
   map->buckets[pos] = value;
      ^~
hashmap.c:57:6: error: expected ‘=’, ‘,’, ‘;’, ‘asm’ or ‘__attribute__’ before ‘->’ token
   map->size++;
      ^~
hashmap.c:58:6: error: expected ‘=’, ‘,’, ‘;’, ‘asm’ or ‘__attribute__’ before ‘->’ token
   map->current = map->buckets[pos];
      ^~
hashmap.c:60:3: error: expected identifier or ‘(’ before ‘if’
   if((70*mapa->capacity)/100)
   ^~
hashmap.c:62:1: error: expected identifier or ‘(’ before ‘}’ token
 }
 ^
cc1: all warnings being treated as errors
Compilation failed
04f3281
Fri Apr  8 16:06:02 UTC 2022: 
 hashmap.c | 2 +-
 1 file changed, 1 insertion(+), 1 deletion(-)
In file included from test.c:4:0:
hashmap.c: In function ‘insertMap’:
hashmap.c:46:9: error: too few arguments to function ‘hash’
   pos = hash(key);
         ^~~~
hashmap.c:26:6: note: declared here
 long hash( char * key, long capacity) {
      ^~~~
hashmap.c:47:30: error: expected expression before ‘)’ token
   while(map->buckets[pos] || ){
                              ^
hashmap.c:52:23: error: implicit declaration of function ‘createpair’; did you mean ‘createPair’? [-Werror=implicit-function-declaration]
   map->buckets[pos] = createpair (key,value);
                       ^~~~~~~~~~
                       createPair
hashmap.c:52:21: error: assignment makes pointer from integer without a cast [-Werror=int-conversion]
   map->buckets[pos] = createpair (key,value);
                     ^
hashmap.c: At top level:
hashmap.c:55:6: error: expected ‘=’, ‘,’, ‘;’, ‘asm’ or ‘__attribute__’ before ‘->’ token
   map->buckets[pos] = key;
      ^~
hashmap.c:56:6: error: expected ‘=’, ‘,’, ‘;’, ‘asm’ or ‘__attribute__’ before ‘->’ token
   map->buckets[pos] = value;
      ^~
hashmap.c:57:6: error: expected ‘=’, ‘,’, ‘;’, ‘asm’ or ‘__attribute__’ before ‘->’ token
   map->size++;
      ^~
hashmap.c:58:6: error: expected ‘=’, ‘,’, ‘;’, ‘asm’ or ‘__attribute__’ before ‘->’ token
   map->current = map->buckets[pos];
      ^~
hashmap.c:60:3: error: expected identifier or ‘(’ before ‘if’
   if((70*mapa->capacity)/100)
   ^~
hashmap.c:62:1: error: expected identifier or ‘(’ before ‘}’ token
 }
 ^
cc1: all warnings being treated as errors
Compilation failed
aa33db8
Fri Apr  8 16:07:03 UTC 2022: 
 hashmap.c | 2 +-
 1 file changed, 1 insertion(+), 1 deletion(-)
In file included from test.c:4:0:
hashmap.c: In function ‘insertMap’:
hashmap.c:46:9: error: too few arguments to function ‘hash’
   pos = hash(key);
         ^~~~
hashmap.c:26:6: note: declared here
 long hash( char * key, long capacity) {
      ^~~~
hashmap.c:47:30: error: expected expression before ‘)’ token
   while(map->buckets[pos] || ){
                              ^
hashmap.c:52:23: error: implicit declaration of function ‘createpair’; did you mean ‘createPair’? [-Werror=implicit-function-declaration]
   map->buckets[pos] = createpair (key,value);
                       ^~~~~~~~~~
                       createPair
hashmap.c:52:21: error: assignment makes pointer from integer without a cast [-Werror=int-conversion]
   map->buckets[pos] = createpair (key,value);
                     ^
hashmap.c: At top level:
hashmap.c:55:6: error: expected ‘=’, ‘,’, ‘;’, ‘asm’ or ‘__attribute__’ before ‘->’ token
   map->buckets[pos] = key;
      ^~
hashmap.c:56:6: error: expected ‘=’, ‘,’, ‘;’, ‘asm’ or ‘__attribute__’ before ‘->’ token
   map->buckets[pos] = value;
      ^~
hashmap.c:57:6: error: expected ‘=’, ‘,’, ‘;’, ‘asm’ or ‘__attribute__’ before ‘->’ token
   map->size++;
      ^~
hashmap.c:58:6: error: expected ‘=’, ‘,’, ‘;’, ‘asm’ or ‘__attribute__’ before ‘->’ token
   map->current = map->buckets[pos];
      ^~
hashmap.c:60:3: error: expected identifier or ‘(’ before ‘if’
   if((70*map->capacity)/100)
   ^~
hashmap.c:62:1: error: expected identifier or ‘(’ before ‘}’ token
 }
 ^
cc1: all warnings being treated as errors
Compilation failed
097c1e1
Fri Apr  8 16:09:07 UTC 2022: 
 hashmap.c | 6 ++----
 1 file changed, 2 insertions(+), 4 deletions(-)
In file included from test.c:4:0:
hashmap.c: In function ‘insertMap’:
hashmap.c:46:9: error: too few arguments to function ‘hash’
   pos = hash(key);
         ^~~~
hashmap.c:26:6: note: declared here
 long hash( char * key, long capacity) {
      ^~~~
hashmap.c:50:23: error: implicit declaration of function ‘createpair’; did you mean ‘createPair’? [-Werror=implicit-function-declaration]
   map->buckets[pos] = createpair (key,value);
                       ^~~~~~~~~~
                       createPair
hashmap.c:50:21: error: assignment makes pointer from integer without a cast [-Werror=int-conversion]
   map->buckets[pos] = createpair (key,value);
                     ^
hashmap.c:53:21: error: assignment from incompatible pointer type [-Werror=incompatible-pointer-types]
   map->buckets[pos] = key;
                     ^
hashmap.c:56:16: error: assignment makes integer from pointer without a cast [-Werror=int-conversion]
   map->current = map->buckets[pos];
                ^
cc1: all warnings being treated as errors
Compilation failed
cdf13e3
Fri Apr  8 16:17:26 UTC 2022: 
 hashmap.c | 1 +
 1 file changed, 1 insertion(+)
In file included from test.c:4:0:
hashmap.c: In function ‘insertMap’:
hashmap.c:46:9: error: too few arguments to function ‘hash’
   pos = hash(key);
         ^~~~
hashmap.c:26:6: note: declared here
 long hash( char * key, long capacity) {
      ^~~~
hashmap.c:50:23: error: implicit declaration of function ‘createpair’; did you mean ‘createPair’? [-Werror=implicit-function-declaration]
   map->buckets[pos] = createpair (key,value);
                       ^~~~~~~~~~
                       createPair
hashmap.c:50:21: error: assignment makes pointer from integer without a cast [-Werror=int-conversion]
   map->buckets[pos] = createpair (key,value);
                     ^
hashmap.c:53:21: error: assignment from incompatible pointer type [-Werror=incompatible-pointer-types]
   map->buckets[pos] = key;
                     ^
hashmap.c:56:16: error: assignment makes integer from pointer without a cast [-Werror=int-conversion]
   map->current = map->buckets[pos];
                ^
hashmap.c: In function ‘enlarge’:
hashmap.c:67:1: error: expected ‘;’ before ‘}’ token
 }
 ^
cc1: all warnings being treated as errors
Compilation failed
5b50157
Fri Apr  8 16:18:00 UTC 2022: 
 hashmap.c | 2 +-
 1 file changed, 1 insertion(+), 1 deletion(-)
In file included from test.c:4:0:
hashmap.c: In function ‘insertMap’:
hashmap.c:46:9: error: too few arguments to function ‘hash’
   pos = hash(key);
         ^~~~
hashmap.c:26:6: note: declared here
 long hash( char * key, long capacity) {
      ^~~~
hashmap.c:50:23: error: implicit declaration of function ‘createpair’; did you mean ‘createPair’? [-Werror=implicit-function-declaration]
   map->buckets[pos] = createpair (key,value);
                       ^~~~~~~~~~
                       createPair
hashmap.c:50:21: error: assignment makes pointer from integer without a cast [-Werror=int-conversion]
   map->buckets[pos] = createpair (key,value);
                     ^
hashmap.c:53:21: error: assignment from incompatible pointer type [-Werror=incompatible-pointer-types]
   map->buckets[pos] = key;
                     ^
hashmap.c:56:16: error: assignment makes integer from pointer without a cast [-Werror=int-conversion]
   map->current = map->buckets[pos];
                ^
cc1: all warnings being treated as errors
Compilation failed
45ba9f0
Fri Apr  8 16:18:16 UTC 2022: 
 hashmap.c | 2 +-
 1 file changed, 1 insertion(+), 1 deletion(-)
In file included from test.c:4:0:
hashmap.c: In function ‘insertMap’:
hashmap.c:46:9: error: too few arguments to function ‘hash’
   pos = hash(key);
         ^~~~
hashmap.c:26:6: note: declared here
 long hash( char * key, long capacity) {
      ^~~~
hashmap.c:50:23: error: implicit declaration of function ‘createpair’; did you mean ‘createPair’? [-Werror=implicit-function-declaration]
   map->buckets[pos] = createpair (key,value);
                       ^~~~~~~~~~
                       createPair
hashmap.c:50:21: error: assignment makes pointer from integer without a cast [-Werror=int-conversion]
   map->buckets[pos] = createpair (key,value);
                     ^
hashmap.c:53:21: error: assignment from incompatible pointer type [-Werror=incompatible-pointer-types]
   map->buckets[pos] = key;
                     ^
hashmap.c:56:16: error: assignment makes integer from pointer without a cast [-Werror=int-conversion]
   map->current = map->buckets[pos];
                ^
cc1: all warnings being treated as errors
Compilation failed
305ac0d
Fri Apr  8 16:25:39 UTC 2022: 
 hashmap.c | 7 ++-----
 1 file changed, 2 insertions(+), 5 deletions(-)
In file included from test.c:4:0:
hashmap.c: In function ‘insertMap’:
hashmap.c:46:9: error: too few arguments to function ‘hash’
   pos = hash(key);
         ^~~~
hashmap.c:26:6: note: declared here
 long hash( char * key, long capacity) {
      ^~~~
hashmap.c:50:23: error: implicit declaration of function ‘createpair’; did you mean ‘createPair’? [-Werror=implicit-function-declaration]
   map->buckets[pos] = createpair (key,value);
                       ^~~~~~~~~~
                       createPair
hashmap.c:50:21: error: assignment makes pointer from integer without a cast [-Werror=int-conversion]
   map->buckets[pos] = createpair (key,value);
                     ^
cc1: all warnings being treated as errors
Compilation failed
615d9dd
Fri Apr  8 16:26:04 UTC 2022: 
 hashmap.c | 2 +-
 1 file changed, 1 insertion(+), 1 deletion(-)
In file included from test.c:4:0:
hashmap.c: In function ‘insertMap’:
hashmap.c:50:23: error: implicit declaration of function ‘createpair’; did you mean ‘createPair’? [-Werror=implicit-function-declaration]
   map->buckets[pos] = createpair (key,value);
                       ^~~~~~~~~~
                       createPair
hashmap.c:50:21: error: assignment makes pointer from integer without a cast [-Werror=int-conversion]
   map->buckets[pos] = createpair (key,value);
                     ^
cc1: all warnings being treated as errors
Compilation failed
244ec45
Fri Apr  8 16:26:13 UTC 2022: 
 hashmap.c | 2 +-
 1 file changed, 1 insertion(+), 1 deletion(-)
 tests:  1|5
total_score: 10/70
a4d36b1
Fri Apr  8 16:27:36 UTC 2022: 
 hashmap.c | 2 +-
 1 file changed, 1 insertion(+), 1 deletion(-)
 tests:  1|5
total_score: 10/70
1418742
Fri Apr  8 16:27:59 UTC 2022: 
 hashmap.c | 2 +-
 1 file changed, 1 insertion(+), 1 deletion(-)
In file included from test.c:4:0:
hashmap.c: In function ‘insertMap’:
hashmap.c:55:42: error: expected statement before ‘)’ token
   if(map->size >= (70*map->capacity)/100))
                                          ^
Compilation failed
49f02c2
Fri Apr  8 16:28:13 UTC 2022: 
 hashmap.c | 2 +-
 1 file changed, 1 insertion(+), 1 deletion(-)
 tests:  1|5
total_score: 10/70
cd339be
Fri Apr  8 16:29:02 UTC 2022: 
 hashmap.c | 3 +--
 1 file changed, 1 insertion(+), 2 deletions(-)
 tests:  5|4
total_score: 30/70
2ccfc4c
Sun Apr 10 17:29:39 UTC 2022: 
 hashmap.c | 13 ++++++++++++-
 1 file changed, 12 insertions(+), 1 deletion(-)
 tests:  6|4
total_score: 30/70
9af53ce
Sun Apr 10 17:30:44 UTC 2022: 
 hashmap.c | 2 ++
 1 file changed, 2 insertions(+)
In file included from test.c:4:0:
hashmap.c: In function ‘searchMap’:
hashmap.c:93:17: error: ‘*map->buckets’ is a pointer; did you mean to use ‘->’?
     map->buckets->current = pos;
                 ^~
                 ->
hashmap.c:92:3: error: this ‘if’ clause does not guard... [-Werror=misleading-indentation]
   if (is_equal (map->buckets[pos]->key, key))
   ^~
hashmap.c:94:5: note: ...this statement, but the latter is misleadingly indented as if it were guarded by the ‘if’
     return map->buckets[pos];
     ^~~~~~
hashmap.c:96:3: error: ‘else’ without a previous ‘if’
   else {
   ^~~~
hashmap.c:100:17: error: ‘*map->buckets’ is a pointer; did you mean to use ‘->’?
     map->buckets->current = pos;
                 ^~
                 ->
cc1: all warnings being treated as errors
Compilation failed
1dda5e6
Sun Apr 10 17:31:48 UTC 2022: 
 hashmap.c | 4 ++--
 1 file changed, 2 insertions(+), 2 deletions(-)
In file included from test.c:4:0:
hashmap.c: In function ‘searchMap’:
hashmap.c:92:3: error: this ‘if’ clause does not guard... [-Werror=misleading-indentation]
   if (is_equal (map->buckets[pos]->key, key))
   ^~
hashmap.c:94:5: note: ...this statement, but the latter is misleadingly indented as if it were guarded by the ‘if’
     return map->buckets[pos];
     ^~~~~~
hashmap.c:96:3: error: ‘else’ without a previous ‘if’
   else {
   ^~~~
cc1: all warnings being treated as errors
Compilation failed
3293275
Sun Apr 10 17:32:15 UTC 2022: 
 hashmap.c | 4 ++--
 1 file changed, 2 insertions(+), 2 deletions(-)
 tests:  0|0
2e8d79d
Sun Apr 10 17:33:24 UTC 2022: 
 hashmap.c | 4 ++--
 1 file changed, 2 insertions(+), 2 deletions(-)
In file included from test.c:4:0:
hashmap.c: In function ‘searchMap’:
hashmap.c:93:17: error: ‘*map->buckets’ is a pointer; did you mean to use ‘->’?
     map->buckets->current = pos;
                 ^~
                 ->
hashmap.c:100:17: error: ‘*map->buckets’ is a pointer; did you mean to use ‘->’?
     map->buckets->current = pos;
                 ^~
                 ->
Compilation failed
e2059c3
Sun Apr 10 17:34:05 UTC 2022: 
 hashmap.c | 4 ++--
 1 file changed, 2 insertions(+), 2 deletions(-)
 tests:  0|0
bf7db44
Sun Apr 10 17:37:30 UTC 2022: 
 hashmap.c | 4 ++--
 1 file changed, 2 insertions(+), 2 deletions(-)
 tests:  6|4
total_score: 30/70
8c143da
Sun Apr 10 17:37:48 UTC 2022: 
 hashmap.c | 2 +-
 1 file changed, 1 insertion(+), 1 deletion(-)
 tests:  0|0
4bead7e
Sun Apr 10 17:37:56 UTC 2022: 
 hashmap.c | 2 +-
 1 file changed, 1 insertion(+), 1 deletion(-)
 tests:  6|4
total_score: 30/70
1cd0b49
Sun Apr 10 17:46:57 UTC 2022: 
 hashmap.c | 4 ++--
 1 file changed, 2 insertions(+), 2 deletions(-)
 tests:  0|0
c5062f1
Sun Apr 10 17:52:21 UTC 2022: 
 hashmap.c | 2 +-
 1 file changed, 1 insertion(+), 1 deletion(-)
In file included from test.c:4:0:
hashmap.c: In function ‘searchMap’:
hashmap.c:97:33: error: ‘Null’ undeclared (first use in this function)
     while (map->buckets[pos] != Null && is_equal(map->buckets[pos]->key,             key) == 0){
                                 ^~~~
hashmap.c:97:33: note: each undeclared identifier is reported only once for each function it appears in
Compilation failed
340eda0
Sun Apr 10 17:52:31 UTC 2022: 
 hashmap.c | 2 +-
 1 file changed, 1 insertion(+), 1 deletion(-)
 tests:  8|3
total_score: 40/70
443eeeb
Sun Apr 10 17:53:50 UTC 2022: 
 hashmap.c | 3 ++-
 1 file changed, 2 insertions(+), 1 deletion(-)
 tests:  8|3
total_score: 40/70
9120c1d
Sun Apr 10 17:57:55 UTC 2022: 
 hashmap.c | 4 ++++
 1 file changed, 4 insertions(+)
In file included from test.c:4:0:
hashmap.c: In function ‘eraseMap’:
hashmap.c:85:7: error: assignment makes integer from pointer without a cast [-Werror=int-conversion]
   pos = searchMap (map,key);
       ^
hashmap.c:86:3: error: ‘pair’ undeclared (first use in this function); did you mean ‘Pair’?
   pair->key=NULL;
   ^~~~
   Pair
hashmap.c:86:3: note: each undeclared identifier is reported only once for each function it appears in
hashmap.c:82:7: error: variable ‘pos’ set but not used [-Werror=unused-but-set-variable]
   int pos;
       ^~~
cc1: all warnings being treated as errors
Compilation failed
b471af1
Sun Apr 10 18:05:13 UTC 2022: 
 hashmap.c | 6 +++---
 1 file changed, 3 insertions(+), 3 deletions(-)
In file included from test.c:4:0:
hashmap.c: In function ‘eraseMap’:
hashmap.c:86:7: error: expected identifier or ‘(’ before ‘->’ token
   Pair->key=NULL;
       ^~
Compilation failed
52d276b
Sun Apr 10 18:06:10 UTC 2022: 
 hashmap.c | 2 +-
 1 file changed, 1 insertion(+), 1 deletion(-)
In file included from test.c:4:0:
hashmap.c: In function ‘eraseMap’:
hashmap.c:86:7: error: expected identifier or ‘(’ before ‘->’ token
   Pair->key  =NULL;
       ^~
hashmap.c:87:3: error: ‘size’ undeclared (first use in this function); did you mean ‘sinl’?
   size--;
   ^~~~
   sinl
hashmap.c:87:3: note: each undeclared identifier is reported only once for each function it appears in
Compilation failed
907d3bb
Sun Apr 10 18:06:23 UTC 2022: 
 hashmap.c | 2 +-
 1 file changed, 1 insertion(+), 1 deletion(-)
In file included from test.c:4:0:
hashmap.c: In function ‘eraseMap’:
hashmap.c:86:7: error: expected identifier or ‘(’ before ‘->’ token
   Pair->key  =NULL;
       ^~
Compilation failed
10a3099
Sun Apr 10 18:07:35 UTC 2022: 
 hashmap.c | 3 +--
 1 file changed, 1 insertion(+), 2 deletions(-)
In file included from test.c:4:0:
hashmap.c: In function ‘eraseMap’:
hashmap.c:84:8: error: expected identifier or ‘(’ before ‘=’ token
   Pair = searchMap(map, key);
        ^
hashmap.c:85:7: error: expected identifier or ‘(’ before ‘->’ token
   Pair->key = NULL;
       ^~
Compilation failed
eb14c91
Sun Apr 10 18:08:28 UTC 2022: 
 hashmap.c | 2 +-
 1 file changed, 1 insertion(+), 1 deletion(-)
In file included from test.c:4:0:
hashmap.c: In function ‘eraseMap’:
hashmap.c:84:8: error: expected identifier or ‘(’ before ‘=’ token
   Pair = searchMap(map, key);
        ^
hashmap.c:85:8: error: expected ‘)’ before ‘->’ token
   (Pair->key = NULL);
        ^~
hashmap.c:85:21: error: expected expression before ‘;’ token
   (Pair->key = NULL);
                     ^
Compilation failed
8b149a3
Sun Apr 10 18:08:49 UTC 2022: 
 hashmap.c | 2 +-
 1 file changed, 1 insertion(+), 1 deletion(-)
In file included from test.c:4:0:
hashmap.c: In function ‘eraseMap’:
hashmap.c:84:8: error: expected identifier or ‘(’ before ‘=’ token
   Pair = searchMap(map, key);
        ^
hashmap.c:85:8: error: expected ‘)’ before ‘->’ token
   (Pair->key) = NULL;
        ^~
hashmap.c:85:15: error: expected expression before ‘=’ token
   (Pair->key) = NULL;
               ^
Compilation failed
c4fe8e6
Sun Apr 10 18:11:01 UTC 2022: 
 hashmap.c | 5 +++--
 1 file changed, 3 insertions(+), 2 deletions(-)
In file included from test.c:4:0:
hashmap.c: In function ‘eraseMap’:
hashmap.c:85:7: error: assignment makes integer from pointer without a cast [-Werror=int-conversion]
   pos = searchMap(map, key);
       ^
hashmap.c:86:15: error: ‘*map->buckets’ is a pointer; did you mean to use ‘->’?
   map->buckets->key = NULL;
               ^~
               ->
hashmap.c:82:7: error: variable ‘pos’ set but not used [-Werror=unused-but-set-variable]
   int pos;
       ^~~
cc1: all warnings being treated as errors
Compilation failed
a52918f
Sun Apr 10 18:11:50 UTC 2022: 
 hashmap.c | 2 +-
 1 file changed, 1 insertion(+), 1 deletion(-)
In file included from test.c:4:0:
hashmap.c: In function ‘eraseMap’:
hashmap.c:85:7: error: assignment makes integer from pointer without a cast [-Werror=int-conversion]
   pos = searchMap(map, key);
       ^
hashmap.c:87:7: error: ‘size’ is used uninitialized in this function [-Werror=uninitialized]
   size--;
   ~~~~^~
cc1: all warnings being treated as errors
Compilation failed
393af7a
Sun Apr 10 18:12:40 UTC 2022: 
 hashmap.c | 4 ++--
 1 file changed, 2 insertions(+), 2 deletions(-)
In file included from test.c:4:0:
hashmap.c: In function ‘eraseMap’:
hashmap.c:85:7: error: assignment makes integer from pointer without a cast [-Werror=int-conversion]
   pos = searchMap(map, key);
       ^
cc1: all warnings being treated as errors
Compilation failed
4ae2b38
Sun Apr 10 18:14:55 UTC 2022: 
 hashmap.c | 3 +--
 1 file changed, 1 insertion(+), 2 deletions(-)
In file included from test.c:4:0:
hashmap.c: In function ‘eraseMap’:
hashmap.c:84:8: error: expected identifier or ‘(’ before ‘=’ token
   Pair = searchMap(map, key);
        ^
Compilation failed
6af4ad5
Sun Apr 10 19:13:59 UTC 2022: 
 hashmap.c | 17 ++++++++++++++++-
 1 file changed, 16 insertions(+), 1 deletion(-)
In file included from test.c:4:0:
hashmap.c:102:1: error: expected identifier or ‘(’ before ‘}’ token
 }
 ^
Compilation failed
2bb85b7
Sun Apr 10 19:15:15 UTC 2022: 
 hashmap.c | 2 ++
 1 file changed, 2 insertions(+)
In file included from test.c:4:0:
hashmap.c:104:1: error: expected identifier or ‘(’ before ‘}’ token
 }
 ^
Compilation failed
06e30a7
Sun Apr 10 19:19:01 UTC 2022: 
 hashmap.c | 4 ++--
 1 file changed, 2 insertions(+), 2 deletions(-)
In file included from test.c:4:0:
hashmap.c:104:1: error: expected identifier or ‘(’ before ‘}’ token
 }
 ^
Compilation failed
8bd8280
Sun Apr 10 20:02:08 UTC 2022: 
 hashmap.c | 2 --
 1 file changed, 2 deletions(-)
In file included from test.c:4:0:
hashmap.c:102:1: error: expected identifier or ‘(’ before ‘}’ token
 }
 ^
Compilation failed
2f4e741
Sun Apr 10 20:03:25 UTC 2022: 
 hashmap.c | 4 ++--
 1 file changed, 2 insertions(+), 2 deletions(-)
In file included from test.c:4:0:
hashmap.c: In function ‘eraseMap’:
hashmap.c:88:5: error: ‘pair’ undeclared (first use in this function); did you mean ‘Pair’?
     pair->key = NULL;
     ^~~~
     Pair
hashmap.c:88:5: note: each undeclared identifier is reported only once for each function it appears in
hashmap.c: At top level:
hashmap.c:102:1: error: expected identifier or ‘(’ before ‘}’ token
 }
 ^
Compilation failed
7c242f7
Sun Apr 10 20:03:35 UTC 2022: 
 hashmap.c | 4 ++--
 1 file changed, 2 insertions(+), 2 deletions(-)
In file included from test.c:4:0:
hashmap.c: In function ‘eraseMap’:
hashmap.c:88:9: error: expected identifier or ‘(’ before ‘->’ token
     Pair->key = NULL;
         ^~
hashmap.c:96:9: error: expected identifier or ‘(’ before ‘->’ token
     Pair->key = NULL;
         ^~
hashmap.c: At top level:
hashmap.c:102:1: error: expected identifier or ‘(’ before ‘}’ token
 }
 ^
Compilation failed
b310482
Sun Apr 10 20:06:02 UTC 2022: 
 hashmap.c | 21 +++------------------
 1 file changed, 3 insertions(+), 18 deletions(-)
In file included from test.c:4:0:
hashmap.c: In function ‘eraseMap’:
hashmap.c:84:7: error: incompatible types when assigning to type ‘Pair {aka struct Pair}’ from type ‘Pair * {aka struct Pair *}’
   par = searchMap(map,key);
       ^
hashmap.c:86:6: error: invalid type argument of ‘->’ (have ‘Pair {aka struct Pair}’)
   par->key = NULL;
      ^~
Compilation failed
ba0db9d
Sun Apr 10 20:06:38 UTC 2022: 
 hashmap.c | 2 +-
 1 file changed, 1 insertion(+), 1 deletion(-)
In file included from test.c:4:0:
hashmap.c: In function ‘eraseMap’:
hashmap.c:86:6: error: dereferencing ‘void *’ pointer [-Werror]
   par->key = NULL;
      ^~
hashmap.c:86:6: error: request for member ‘key’ in something not a structure or union
cc1: all warnings being treated as errors
Compilation failed
74d93b7
Sun Apr 10 20:47:27 UTC 2022: 
 hashmap.c | 19 ++++++++++++++++---
 1 file changed, 16 insertions(+), 3 deletions(-)
 tests:  0|0
986d21d
Sun Apr 10 21:05:23 UTC 2022: 
 hashmap.c | 3 ++-
 1 file changed, 2 insertions(+), 1 deletion(-)
In file included from test.c:4:0:
hashmap.c: In function ‘eraseMap’:
hashmap.c:99:14: error: ‘return’ with a value, in function returning void [-Werror]
       return NULL;
              ^~~~
hashmap.c:80:6: note: declared here
 void eraseMap(HashMap * map,  char * key) {
      ^~~~~~~~
cc1: all warnings being treated as errors
Compilation failed
6d0b2b2
Sun Apr 10 21:05:31 UTC 2022: 
 hashmap.c | 2 +-
 1 file changed, 1 insertion(+), 1 deletion(-)
In file included from test.c:4:0:
hashmap.c: In function ‘eraseMap’:
hashmap.c:100:5: error: expected expression before ‘}’ token
     }
     ^
Compilation failed
2aade1c
Sun Apr 10 21:07:00 UTC 2022: 
 hashmap.c | 4 +---
 1 file changed, 1 insertion(+), 3 deletions(-)
In file included from test.c:4:0:
hashmap.c: In function ‘eraseMap’:
hashmap.c:97:5: error: break statement not within loop or switch
     break;
     ^~~~~
Compilation failed
99b6b53
Sun Apr 10 21:08:58 UTC 2022: 
 hashmap.c | 2 +-
 1 file changed, 1 insertion(+), 1 deletion(-)
 tests:  0|0
0ce7a65
Sun Apr 10 21:10:46 UTC 2022: 
 hashmap.c | 6 +++++-
 1 file changed, 5 insertions(+), 1 deletion(-)
 tests:  0|0
c21a36c
Sun Apr 10 21:11:17 UTC 2022: 
 hashmap.c | 2 +-
 1 file changed, 1 insertion(+), 1 deletion(-)
In file included from test.c:4:0:
hashmap.c: In function ‘eraseMap’:
hashmap.c:100:14: error: ‘return’ with a value, in function returning void [-Werror]
       return 0;
              ^
hashmap.c:80:6: note: declared here
 void eraseMap(HashMap * map,  char * key) {
      ^~~~~~~~
cc1: all warnings being treated as errors
Compilation failed
35415ae
Sun Apr 10 21:11:28 UTC 2022: 
 hashmap.c | 2 +-
 1 file changed, 1 insertion(+), 1 deletion(-)
In file included from test.c:4:0:
hashmap.c: In function ‘eraseMap’:
hashmap.c:100:14: error: ‘return’ with a value, in function returning void [-Werror]
       return NULL ;
              ^~~~
hashmap.c:80:6: note: declared here
 void eraseMap(HashMap * map,  char * key) {
      ^~~~~~~~
cc1: all warnings being treated as errors
Compilation failed
590011c
Sun Apr 10 21:11:34 UTC 2022: 
 hashmap.c | 2 +-
 1 file changed, 1 insertion(+), 1 deletion(-)
 tests:  0|0
a153208
Sun Apr 10 21:37:29 UTC 2022: 
 hashmap.c | 9 ++-------
 1 file changed, 2 insertions(+), 7 deletions(-)
test.c: In function ‘eraseMap’:
test.c:453:5: error: ‘main’ is normally a non-static function [-Werror=main]
 int main( int argc, char *argv[] ) {
     ^~~~
test.c:511:1: error: expected declaration or statement at end of input
 }
 ^
At top level:
test.c:453:5: error: ‘main’ defined but not used [-Werror=unused-function]
 int main( int argc, char *argv[] ) {
     ^~~~
test.c:217:5: error: ‘insert_test5’ defined but not used [-Werror=unused-function]
 int insert_test5(){ //factor de carga>0.7, se llama a función enlarge
     ^~~~~~~~~~~~
test.c:131:6: error: ‘compare_test’ defined but not used [-Werror=unused-function]
 void compare_test(){
      ^~~~~~~~~~~~
test.c:125:6: error: ‘hash_test3’ defined but not used [-Werror=unused-function]
 void hash_test3(){ //no random
      ^~~~~~~~~~
test.c:111:6: error: ‘hash_test2’ defined but not used [-Werror=unused-function]
 void hash_test2(){ // colisiones
      ^~~~~~~~~~
test.c:100:6: error: ‘hash_test1’ defined but not used [-Werror=unused-function]
 void hash_test1(){ // posición válida
      ^~~~~~~~~~
cc1: all warnings being treated as errors
Compilation failed
a550b85
Sun Apr 10 21:47:09 UTC 2022: 
 hashmap.c | 2 +-
 1 file changed, 1 insertion(+), 1 deletion(-)
 tests:  11|2
total_score: 50/70
dd80087
Sun Apr 10 21:57:10 UTC 2022: 
 hashmap.c | 10 ++++++++++
 1 file changed, 10 insertions(+)
 tests:  12|2
total_score: 50/70
277b4e7
Sun Apr 10 22:14:01 UTC 2022: 
 hashmap.c | 8 +++-----
 1 file changed, 3 insertions(+), 5 deletions(-)
In file included from test.c:4:0:
hashmap.c: In function ‘nextMap’:
hashmap.c:134:23: error: ‘current’ undeclared (first use in this function)
   return map->buckets[current+1];
                       ^~~~~~~
hashmap.c:134:23: note: each undeclared identifier is reported only once for each function it appears in
hashmap.c:135:1: error: control reaches end of non-void function [-Werror=return-type]
 }
 ^
cc1: all warnings being treated as errors
Compilation failed
511a0ac
Sun Apr 10 22:15:07 UTC 2022: 
 hashmap.c | 2 +-
 1 file changed, 1 insertion(+), 1 deletion(-)
In file included from test.c:4:0:
hashmap.c: In function ‘nextMap’:
hashmap.c:134:15: error: expected identifier before ‘[’ token
   return map->[current+1];
               ^
hashmap.c:135:1: error: control reaches end of non-void function [-Werror=return-type]
 }
 ^
cc1: all warnings being treated as errors
Compilation failed
85dabab
Sun Apr 10 22:18:46 UTC 2022: 
 hashmap.c | 4 +++-
 1 file changed, 3 insertions(+), 1 deletion(-)
 tests:  12|2
total_score: 50/70
d15ef8d
Sun Apr 10 22:19:39 UTC 2022: 
 hashmap.c | 6 +-----
 1 file changed, 1 insertion(+), 5 deletions(-)
 tests:  12|2
total_score: 50/70
eba7b64
Sun Apr 10 22:29:52 UTC 2022: 
 hashmap.c | 11 ++++++++++-
 1 file changed, 10 insertions(+), 1 deletion(-)
 tests:  12|2
total_score: 50/70
6f1f51f
Sun Apr 10 22:30:39 UTC 2022: 
 hashmap.c | 2 +-
 1 file changed, 1 insertion(+), 1 deletion(-)
 tests:  12|2
total_score: 50/70
5982b61
Sun Apr 10 22:36:07 UTC 2022: 
 hashmap.c | 2 +-
 1 file changed, 1 insertion(+), 1 deletion(-)
 tests:  12|2
total_score: 50/70
82a99e6
Sun Apr 10 22:37:41 UTC 2022: 
 hashmap.c | 2 +-
 1 file changed, 1 insertion(+), 1 deletion(-)
 tests:  12|2
total_score: 50/70
4858bff
Sun Apr 10 22:37:53 UTC 2022: 
 hashmap.c | 2 +-
 1 file changed, 1 insertion(+), 1 deletion(-)
 tests:  12|2
total_score: 50/70
387e6f4
Sun Apr 10 22:38:36 UTC 2022: 
 hashmap.c | 2 +-
 1 file changed, 1 insertion(+), 1 deletion(-)
 tests:  12|2
total_score: 50/70
6480142
Sun Apr 10 23:46:16 UTC 2022: 
 hashmap.c | 4 ++--
 1 file changed, 2 insertions(+), 2 deletions(-)
In file included from test.c:4:0:
hashmap.c: In function ‘firstMap’:
hashmap.c:122:7: error: assignment makes integer from pointer without a cast [-Werror=int-conversion]
   pos = map->buckets[0];
       ^
cc1: all warnings being treated as errors
Compilation failed
5ba2fc4
Sun Apr 10 23:46:42 UTC 2022: 
 hashmap.c | 2 +-
 1 file changed, 1 insertion(+), 1 deletion(-)
 tests:  12|2
total_score: 50/70
9660abe
Sun Apr 10 23:47:32 UTC 2022: 
 hashmap.c | 2 +-
 1 file changed, 1 insertion(+), 1 deletion(-)
 tests:  12|2
total_score: 50/70
3f6037d
Sun Apr 10 23:48:53 UTC 2022: 
 hashmap.c | 2 +-
 1 file changed, 1 insertion(+), 1 deletion(-)
In file included from test.c:4:0:
hashmap.c: In function ‘firstMap’:
hashmap.c:122:14: error: ‘key’ undeclared (first use in this function); did you mean ‘key_t’?
   pos = hash(key,map->capacity);
              ^~~
              key_t
hashmap.c:122:14: note: each undeclared identifier is reported only once for each function it appears in
Compilation failed
a58b356
Sun Apr 10 23:49:05 UTC 2022: 
 hashmap.c | 2 +-
 1 file changed, 1 insertion(+), 1 deletion(-)
 tests:  12|2
total_score: 50/70
faebb1f
Sun Apr 10 23:53:10 UTC 2022: 
 hashmap.c | 2 +-
 1 file changed, 1 insertion(+), 1 deletion(-)
In file included from test.c:4:0:
hashmap.c: In function ‘firstMap’:
hashmap.c:122:14: error: ‘key’ undeclared (first use in this function); did you mean ‘key_t’?
   pos = hash(key,map->capacity);
              ^~~
              key_t
hashmap.c:122:14: note: each undeclared identifier is reported only once for each function it appears in
Compilation failed
2fb3cfe
Sun Apr 10 23:54:04 UTC 2022: 
 hashmap.c | 4 ++--
 1 file changed, 2 insertions(+), 2 deletions(-)
 tests:  12|2
total_score: 50/70
78752b8
Sun Apr 10 23:55:49 UTC 2022: 
 hashmap.c | 1 +
 1 file changed, 1 insertion(+)
 tests:  12|2
total_score: 50/70
247cf89
Sun Apr 10 23:56:05 UTC 2022: 
 hashmap.c | 2 +-
 1 file changed, 1 insertion(+), 1 deletion(-)
 tests:  12|2
total_score: 50/70
ea7fd0d
Sun Apr 10 23:56:18 UTC 2022: 
 hashmap.c | 2 +-
 1 file changed, 1 insertion(+), 1 deletion(-)
 tests:  12|2
total_score: 50/70
cb2fe67
Sun Apr 10 23:56:28 UTC 2022: 
 hashmap.c | 2 +-
 1 file changed, 1 insertion(+), 1 deletion(-)
In file included from test.c:4:0:
hashmap.c: In function ‘firstMap’:
hashmap.c:128:27: error: ‘Pair {aka struct Pair}’ has no member named ‘data’
   return map->buckets[pos]->data;
                           ^~
hashmap.c:129:3: error: control reaches end of non-void function [-Werror=return-type]
   }
   ^
cc1: all warnings being treated as errors
Compilation failed
ba7b1e3
Sun Apr 10 23:57:48 UTC 2022: 
 hashmap.c | 4 ++--
 1 file changed, 2 insertions(+), 2 deletions(-)
 tests:  12|2
total_score: 50/70
8258139
Sun Apr 10 23:59:19 UTC 2022: 
 hashmap.c | 2 +-
 1 file changed, 1 insertion(+), 1 deletion(-)
 tests:  12|2
total_score: 50/70
3929182
Sun Apr 10 23:59:40 UTC 2022: 
 hashmap.c | 2 +-
 1 file changed, 1 insertion(+), 1 deletion(-)
 tests:  11|2
total_score: 50/70
ddb99c5
Mon Apr 11 00:00:25 UTC 2022: 
 hashmap.c | 4 ++--
 1 file changed, 2 insertions(+), 2 deletions(-)
 tests:  12|2
total_score: 50/70
b922e3c
Mon Apr 11 00:12:17 UTC 2022: 
 hashmap.c | 2 +-
 1 file changed, 1 insertion(+), 1 deletion(-)
 tests:  12|2
total_score: 50/70
2dbbe2c
Mon Apr 11 00:12:25 UTC 2022: 
 hashmap.c | 2 +-
 1 file changed, 1 insertion(+), 1 deletion(-)
 tests:  0|0
78dd3da
Mon Apr 11 00:12:42 UTC 2022: 
 hashmap.c | 2 +-
 1 file changed, 1 insertion(+), 1 deletion(-)
 tests:  12|2
total_score: 50/70
a160c6c
Mon Apr 11 00:19:42 UTC 2022: 
 hashmap.c | 2 +-
 1 file changed, 1 insertion(+), 1 deletion(-)
 tests:  12|2
total_score: 50/70
a430ab7
Mon Apr 11 00:20:22 UTC 2022: 
 hashmap.c | 4 ++--
 1 file changed, 2 insertions(+), 2 deletions(-)
 tests:  12|2
total_score: 50/70
1f16a8e
Mon Apr 11 00:21:38 UTC 2022: 
 hashmap.c | 4 ++--
 1 file changed, 2 insertions(+), 2 deletions(-)
In file included from test.c:4:0:
hashmap.c: In function ‘firstMap’:
hashmap.c:124:58: error: ‘Pair {aka struct Pair}’ has no member named ‘ket’; did you mean ‘key’?
   while (map->buckets[pos] == NULL || map->buckets[pos]->ket == NULL){
                                                          ^~~
                                                          key
Compilation failed
22d0a21
Mon Apr 11 00:21:45 UTC 2022: 
 hashmap.c | 2 +-
 1 file changed, 1 insertion(+), 1 deletion(-)
 tests:  12|2
total_score: 50/70
2734b6b
Mon Apr 11 00:22:46 UTC 2022: 
 hashmap.c | 2 --
 1 file changed, 2 deletions(-)
 tests:  15|2
total_score: 50/70
2599077
Mon Apr 11 00:28:24 UTC 2022: 
 hashmap.c | 2 +-
 1 file changed, 1 insertion(+), 1 deletion(-)
In file included from test.c:4:0:
hashmap.c:139:6: error: expected ‘=’, ‘,’, ‘;’, ‘asm’ or ‘__attribute__’ before ‘->’ token
   map->current = pos;
      ^~
hashmap.c:140:3: error: expected identifier or ‘(’ before ‘return’
   return map->buckets[pos];
   ^~~~~~
hashmap.c:141:1: error: expected identifier or ‘(’ before ‘}’ token
 }
 ^
hashmap.c: In function ‘nextMap’:
hashmap.c:138:3: error: control reaches end of non-void function [-Werror=return-type]
   }
   ^
cc1: all warnings being treated as errors
Compilation failed
6fc2879
Mon Apr 11 00:30:11 UTC 2022: 
 hashmap.c | 4 ++--
 1 file changed, 2 insertions(+), 2 deletions(-)
 tests:  13|2
total_score: 50/70
8e11ef6
Mon Apr 11 00:30:21 UTC 2022: 
 hashmap.c | 2 +-
 1 file changed, 1 insertion(+), 1 deletion(-)
 tests:  15|2
total_score: 50/70
da7e59c
Mon Apr 11 00:42:18 UTC 2022: 
 hashmap.c | 2 ++
 1 file changed, 2 insertions(+)
In file included from test.c:4:0:
hashmap.c: In function ‘nextMap’:
hashmap.c:138:15: error: return makes pointer from integer without a cast [-Werror=int-conversion]
     return map->current;
            ~~~^~~~~~~~~
cc1: all warnings being treated as errors
Compilation failed
efc07b3
Mon Apr 11 00:42:50 UTC 2022: 
 hashmap.c | 2 +-
 1 file changed, 1 insertion(+), 1 deletion(-)
In file included from test.c:4:0:
hashmap.c: In function ‘nextMap’:
hashmap.c:138:15: error: return makes pointer from integer without a cast [-Werror=int-conversion]
     return map->current;
            ~~~^~~~~~~~~
cc1: all warnings being treated as errors
Compilation failed
da3e044
Mon Apr 11 00:43:02 UTC 2022: 
 hashmap.c | 2 +-
 1 file changed, 1 insertion(+), 1 deletion(-)
 tests:  13|2
total_score: 50/70
97342e2
Mon Apr 11 00:43:14 UTC 2022: 
 hashmap.c | 2 --
 1 file changed, 2 deletions(-)
 tests:  15|2
total_score: 50/70
f973152
Mon Apr 11 00:43:56 UTC 2022: 
 hashmap.c | 1 +
 1 file changed, 1 insertion(+)
In file included from test.c:4:0:
hashmap.c: In function ‘nextMap’:
hashmap.c:138:15: error: return makes pointer from integer without a cast [-Werror=int-conversion]
     return map->current;
            ~~~^~~~~~~~~
cc1: all warnings being treated as errors
Compilation failed
0efee1e
Mon Apr 11 00:44:07 UTC 2022: 
 hashmap.c | 2 +-
 1 file changed, 1 insertion(+), 1 deletion(-)
 tests:  15|2
total_score: 50/70
59db364
Mon Apr 11 00:50:04 UTC 2022: 
 hashmap.c | 2 +-
 1 file changed, 1 insertion(+), 1 deletion(-)
 tests:  13|2
total_score: 50/70
822a242
Mon Apr 11 00:50:43 UTC 2022: 
 hashmap.c | 2 +-
 1 file changed, 1 insertion(+), 1 deletion(-)
 tests:  15|2
total_score: 50/70
42e9895
Mon Apr 11 00:53:31 UTC 2022: 
 hashmap.c | 2 +-
 1 file changed, 1 insertion(+), 1 deletion(-)
 tests:  15|2
total_score: 50/70
5e31d01
Mon Apr 11 00:59:09 UTC 2022: 
 hashmap.c | 3 +--
 1 file changed, 1 insertion(+), 2 deletions(-)
In file included from test.c:4:0:
hashmap.c: In function ‘nextMap’:
hashmap.c:138:3: error: expected ‘;’ before ‘}’ token
   }
   ^
Compilation failed
0a56dc7
Mon Apr 11 00:59:15 UTC 2022: 
 hashmap.c | 2 +-
 1 file changed, 1 insertion(+), 1 deletion(-)
 tests:  14|2
total_score: 50/70
9bd5047
Mon Apr 11 00:59:26 UTC 2022: 
 hashmap.c | 3 ++-
 1 file changed, 2 insertions(+), 1 deletion(-)
 tests:  15|2
total_score: 50/70
4ab1162
Mon Apr 11 00:59:33 UTC 2022: 
 hashmap.c | 2 +-
 1 file changed, 1 insertion(+), 1 deletion(-)
 tests:  14|2
total_score: 50/70
788b4a5
Mon Apr 11 00:59:47 UTC 2022: 
 hashmap.c | 4 ++--
 1 file changed, 2 insertions(+), 2 deletions(-)
 tests:  14|2
total_score: 50/70
6807928
Mon Apr 11 01:00:11 UTC 2022: 
 hashmap.c | 2 +-
 1 file changed, 1 insertion(+), 1 deletion(-)
 tests:  14|2
total_score: 50/70
4408395
Mon Apr 11 01:00:18 UTC 2022: 
 hashmap.c | 2 +-
 1 file changed, 1 insertion(+), 1 deletion(-)
 tests:  15|2
total_score: 50/70
1e00e80
Mon Apr 11 01:00:25 UTC 2022: 
 hashmap.c | 3 +--
 1 file changed, 1 insertion(+), 2 deletions(-)
In file included from test.c:4:0:
hashmap.c: In function ‘nextMap’:
hashmap.c:141:1: error: control reaches end of non-void function [-Werror=return-type]
 }
 ^
cc1: all warnings being treated as errors
Compilation failed
cb6e7c7
Mon Apr 11 01:00:47 UTC 2022: 
 hashmap.c | 2 +-
 1 file changed, 1 insertion(+), 1 deletion(-)
 tests:  14|2
total_score: 50/70
cec0cfd
Mon Apr 11 01:00:55 UTC 2022: 
 hashmap.c | 2 +-
 1 file changed, 1 insertion(+), 1 deletion(-)
In file included from test.c:4:0:
hashmap.c: In function ‘nextMap’:
hashmap.c:141:1: error: control reaches end of non-void function [-Werror=return-type]
 }
 ^
cc1: all warnings being treated as errors
Compilation failed
66a2623
Mon Apr 11 01:01:05 UTC 2022: 
 hashmap.c | 4 ++--
 1 file changed, 2 insertions(+), 2 deletions(-)
 tests:  15|2
total_score: 50/70
21bcaba
Mon Apr 11 01:01:54 UTC 2022: 
 hashmap.c | 2 ++
 1 file changed, 2 insertions(+)
In file included from test.c:4:0:
hashmap.c: In function ‘nextMap’:
hashmap.c:143:1: error: control reaches end of non-void function [-Werror=return-type]
 }
 ^
cc1: all warnings being treated as errors
Compilation failed
85af703
Mon Apr 11 01:02:13 UTC 2022: 
 hashmap.c | 4 ++++
 1 file changed, 4 insertions(+)
 tests:  15|2
total_score: 50/70
91fb97e
Mon Apr 11 01:02:32 UTC 2022: 
 hashmap.c | 2 +-
 1 file changed, 1 insertion(+), 1 deletion(-)
 tests:  15|2
total_score: 50/70
57a58ff
Mon Apr 11 01:03:13 UTC 2022: 
 hashmap.c | 7 ++-----
 1 file changed, 2 insertions(+), 5 deletions(-)
 tests:  15|2
total_score: 50/70
1dd3cc5
Mon Apr 11 01:05:24 UTC 2022: 
 hashmap.c | 1 +
 1 file changed, 1 insertion(+)
 tests:  13|2
total_score: 50/70
a3861e3
Mon Apr 11 01:06:28 UTC 2022: 
 hashmap.c | 2 +-
 1 file changed, 1 insertion(+), 1 deletion(-)
In file included from test.c:4:0:
hashmap.c: In function ‘nextMap’:
hashmap.c:135:19: error: comparison between pointer and integer [-Werror]
   if(map->current == NULL) return NULL;
                   ^~
cc1: all warnings being treated as errors
Compilation failed
48b647b
Mon Apr 11 01:06:59 UTC 2022: 
 hashmap.c | 2 +-
 1 file changed, 1 insertion(+), 1 deletion(-)
 tests:  15|2
total_score: 50/70
a541c1f
Mon Apr 11 01:09:07 UTC 2022: 
 hashmap.c | 2 +-
 1 file changed, 1 insertion(+), 1 deletion(-)
 tests:  15|2
total_score: 50/70
f785bbb
Mon Apr 11 01:09:36 UTC 2022: 
 hashmap.c | 3 ++-
 1 file changed, 2 insertions(+), 1 deletion(-)
 tests:  15|2
total_score: 50/70
2980620
Mon Apr 11 01:10:37 UTC 2022: 
 hashmap.c | 3 +--
 1 file changed, 1 insertion(+), 2 deletions(-)
 tests:  15|2
total_score: 50/70
9c42892
Mon Apr 11 01:12:52 UTC 2022: 
 hashmap.c | 3 +--
 1 file changed, 1 insertion(+), 2 deletions(-)
 tests:  16|1
total_score: 60/70
cef49d6
Mon Apr 11 01:13:05 UTC 2022: 
 hashmap.c | 2 +-
 1 file changed, 1 insertion(+), 1 deletion(-)
 tests:  15|2
total_score: 50/70
aedd2dd
Mon Apr 11 01:13:11 UTC 2022: 
 hashmap.c | 2 +-
 1 file changed, 1 insertion(+), 1 deletion(-)
 tests:  15|2
total_score: 50/70
a76e881
Mon Apr 11 01:13:21 UTC 2022: 
 hashmap.c | 2 +-
 1 file changed, 1 insertion(+), 1 deletion(-)
 tests:  16|1
total_score: 60/70
788119b
Mon Apr 11 01:17:20 UTC 2022: 
 hashmap.c | 5 +++++
 1 file changed, 5 insertions(+)
In file included from test.c:4:0:
hashmap.c: In function ‘enlarge’:
hashmap.c:61:24: error: too few arguments to function ‘calloc’
   Pair * aux = (Pair *)calloc(sizeof(Pair));
                        ^~~~~~
In file included from test.c:2:0:
/usr/include/stdlib.h:541:14: note: declared here
 extern void *calloc (size_t __nmemb, size_t __size)
              ^~~~~~
In file included from test.c:4:0:
hashmap.c:62:16: error: ‘key’ undeclared (first use in this function); did you mean ‘key_t’?
     aux->key = key;
                ^~~
                key_t
hashmap.c:62:16: note: each undeclared identifier is reported only once for each function it appears in
hashmap.c:63:18: error: ‘value’ undeclared (first use in this function)
     aux->value = value;
                  ^~~~~
Compilation failed
8731267
Mon Apr 11 01:17:33 UTC 2022: 
 hashmap.c | 3 +--
 1 file changed, 1 insertion(+), 2 deletions(-)
In file included from test.c:4:0:
hashmap.c: In function ‘enlarge’:
hashmap.c:61:24: error: too few arguments to function ‘calloc’
   Pair * aux = (Pair *)calloc(sizeof(Pair));
                        ^~~~~~
In file included from test.c:2:0:
/usr/include/stdlib.h:541:14: note: declared here
 extern void *calloc (size_t __nmemb, size_t __size)
              ^~~~~~
In file included from test.c:4:0:
hashmap.c:61:10: error: unused variable ‘aux’ [-Werror=unused-variable]
   Pair * aux = (Pair *)calloc(sizeof(Pair));
          ^~~
cc1: all warnings being treated as errors
Compilation failed
b29133a
Mon Apr 11 01:17:41 UTC 2022: 
 hashmap.c | 2 +-
 1 file changed, 1 insertion(+), 1 deletion(-)
In file included from test.c:4:0:
hashmap.c: In function ‘enlarge’:
hashmap.c:61:25: error: too few arguments to function ‘calloc’
   Pair ** aux = (Pair *)calloc(sizeof(Pair));
                         ^~~~~~
In file included from test.c:2:0:
/usr/include/stdlib.h:541:14: note: declared here
 extern void *calloc (size_t __nmemb, size_t __size)
              ^~~~~~
In file included from test.c:4:0:
hashmap.c:61:11: error: unused variable ‘aux’ [-Werror=unused-variable]
   Pair ** aux = (Pair *)calloc(sizeof(Pair));
           ^~~
cc1: all warnings being treated as errors
Compilation failed
8eb5ca6
Mon Apr 11 01:18:40 UTC 2022: 
 hashmap.c | 2 +-
 1 file changed, 1 insertion(+), 1 deletion(-)
In file included from test.c:4:0:
hashmap.c: In function ‘enlarge’:
hashmap.c:61:11: error: unused variable ‘aux’ [-Werror=unused-variable]
   Pair ** aux = malloc(sizeof(Pair));
           ^~~
cc1: all warnings being treated as errors
Compilation failed
247615e
Mon Apr 11 01:19:47 UTC 2022: 
 hashmap.c | 2 +-
 1 file changed, 1 insertion(+), 1 deletion(-)
In file included from test.c:4:0:
hashmap.c: In function ‘enlarge’:
hashmap.c:61:11: error: unused variable ‘aux’ [-Werror=unused-variable]
   Pair ** aux = malloc(sizeof(Pair*));
           ^~~
cc1: all warnings being treated as errors
Compilation failed
d8d23f6
